Build started 4. 3. 2014 19:16:42.
     1>Project "C:\Users\Jaroslav\documents\visual studio 2010\Projects\MujProjekt\MujProjekt\MujProjekt.vcxproj" on node 2 (build target(s)).
     1>InitializeBuildStatus:
         Creating "Debug\MujProjekt.unsuccessfulbuild" because "AlwaysCreate" was specified.
       ClCompile:
         All outputs are up-to-date.
         C:\Program Files (x86)\Microsoft Visual Studio 10.0\VC\bin\CL.exe /c /ZI /nologo /W3 /WX- /Od /Oy- /D WIN32 /D _DEBUG /D _CONSOLE /D _UNICODE /D UNICODE /Gm /EHsc /RTC1 /MDd /GS /fp:precise /Zc:wchar_t /Zc:forScope /Yu"StdAfx.h" /Fp"Debug\MujProjekt.pch" /Fo"Debug\\" /Fd"Debug\vc100.pdb" /Gd /TP /wd4996 /analyze- /errorReport:prompt MujProjekt.cpp
         MujProjekt.cpp
     1>c:\users\jaroslav\documents\visual studio 2010\projects\mujprojekt\mujprojekt\model.cpp(8): warning C4018: '<' : signed/unsigned mismatch
     1>c:\users\jaroslav\documents\visual studio 2010\projects\mujprojekt\mujprojekt\model.cpp(107): warning C4018: '<' : signed/unsigned mismatch
     1>c:\users\jaroslav\documents\visual studio 2010\projects\mujprojekt\mujprojekt\model.cpp(116): warning C4018: '<' : signed/unsigned mismatch
     1>c:\users\jaroslav\documents\visual studio 2010\projects\mujprojekt\mujprojekt\model.cpp(121): warning C4018: '<' : signed/unsigned mismatch
       ManifestResourceCompile:
         All outputs are up-to-date.
       Link:
         C:\Program Files (x86)\Microsoft Visual Studio 10.0\VC\bin\link.exe /ERRORREPORT:PROMPT /OUT:"C:\Users\Jaroslav\documents\visual studio 2010\Projects\MujProjekt\Debug\MujProjekt.exe" /INCREMENTAL /NOLOGO /LIBPATH:"C:\Users\Jaroslav\Documents\Visual Studio 2010\Projects\MujProjekt\MujProjekt" glew32.lib opencv_core246d.lib opencv_highgui246d.lib opencv_imgproc246d.lib D:\assimp.lib pthreadVSE2.lib ILU.lib ILUT.lib DevIL.lib kernel32.lib user32.lib gdi32.lib winspool.lib comdlg32.lib advapi32.lib shell32.lib ole32.lib oleaut32.lib uuid.lib odbc32.lib odbccp32.lib kernel32.lib user32.lib gdi32.lib winspool.lib comdlg32.lib advapi32.lib shell32.lib ole32.lib oleaut32.lib uuid.lib odbc32.lib odbccp32.lib /MANIFEST /ManifestFile:"Debug\MujProjekt.exe.intermediate.manifest" /MANIFESTUAC:"level='asInvoker' uiAccess='false'" /DEBUG /PDB:"C:\Users\Jaroslav\documents\visual studio 2010\Projects\MujProjekt\Debug\MujProjekt.pdb" /SUBSYSTEM:CONSOLE /TLBID:1 /DYNAMICBASE /NXCOMPAT /IMPLIB:"C:\Users\Jaroslav\documents\visual studio 2010\Projects\MujProjekt\Debug\MujProjekt.lib" /MACHINE:X86 Debug\MujProjekt.exe.embed.manifest.res
         Debug\MujProjekt.obj
         Debug\stdafx.obj
       Manifest:
         C:\Program Files (x86)\Microsoft SDKs\Windows\v7.0A\bin\mt.exe /nologo /verbose /out:"Debug\MujProjekt.exe.embed.manifest" /manifest Debug\MujProjekt.exe.intermediate.manifest
         All outputs are up-to-date.
       LinkEmbedManifest:
         All outputs are up-to-date.
         MujProjekt.vcxproj -> C:\Users\Jaroslav\documents\visual studio 2010\Projects\MujProjekt\Debug\MujProjekt.exe
       FinalizeBuildStatus:
         Deleting file "Debug\MujProjekt.unsuccessfulbuild".
         Touching "Debug\MujProjekt.lastbuildstate".
     1>Done Building Project "C:\Users\Jaroslav\documents\visual studio 2010\Projects\MujProjekt\MujProjekt\MujProjekt.vcxproj" (build target(s)).

Build succeeded.

Time Elapsed 00:00:02.35
