Build started 11. 3. 2014 10:30:19.
     1>Project "C:\Users\Jaroslav\documents\visual studio 2010\Projects\MujProjekt\MujProjekt\MujProjekt.vcxproj" on node 2 (build target(s)).
     1>InitializeBuildStatus:
         Creating "Release\MujProjekt.unsuccessfulbuild" because "AlwaysCreate" was specified.
       ClCompile:
         All outputs are up-to-date.
         C:\Program Files (x86)\Microsoft Visual Studio 10.0\VC\bin\CL.exe /c /Zi /nologo /W3 /WX- /O2 /Oi /Oy- /GL /D WIN32 /D NDEBUG /D _CONSOLE /D _UNICODE /D UNICODE /Gm- /EHsc /MD /GS /Gy /fp:precise /Zc:wchar_t /Zc:forScope /Yu"StdAfx.h" /Fp"Release\MujProjekt.pch" /Fo"Release\\" /Fd"Release\vc100.pdb" /Gd /TP /wd4996 /analyze- /errorReport:prompt MujProjekt.cpp
         MujProjekt.cpp
     1>c:\users\jaroslav\documents\visual studio 2010\projects\mujprojekt\mujprojekt\Model.cpp(8): warning C4018: '<' : signed/unsigned mismatch
     1>c:\users\jaroslav\documents\visual studio 2010\projects\mujprojekt\mujprojekt\Model.cpp(107): warning C4018: '<' : signed/unsigned mismatch
     1>c:\users\jaroslav\documents\visual studio 2010\projects\mujprojekt\mujprojekt\Model.cpp(116): warning C4018: '<' : signed/unsigned mismatch
     1>c:\users\jaroslav\documents\visual studio 2010\projects\mujprojekt\mujprojekt\Model.cpp(121): warning C4018: '<' : signed/unsigned mismatch
       Link:
         C:\Program Files (x86)\Microsoft Visual Studio 10.0\VC\bin\link.exe /ERRORREPORT:PROMPT /OUT:"C:\Users\Jaroslav\documents\visual studio 2010\Projects\MujProjekt\Release\MujProjekt.exe" /INCREMENTAL:NO /NOLOGO glew32.lib opencv_core246.lib opencv_highgui246.lib opencv_imgproc246.lib D:\assimp.lib kernel32.lib user32.lib gdi32.lib winspool.lib comdlg32.lib advapi32.lib shell32.lib ole32.lib oleaut32.lib uuid.lib odbc32.lib odbccp32.lib /MANIFEST /ManifestFile:"Release\MujProjekt.exe.intermediate.manifest" /MANIFESTUAC:"level='asInvoker' uiAccess='false'" /DEBUG /PDB:"C:\Users\Jaroslav\documents\visual studio 2010\Projects\MujProjekt\Release\MujProjekt.pdb" /SUBSYSTEM:CONSOLE /OPT:REF /OPT:ICF /LTCG /TLBID:1 /DYNAMICBASE /NXCOMPAT /IMPLIB:"C:\Users\Jaroslav\documents\visual studio 2010\Projects\MujProjekt\Release\MujProjekt.lib" /MACHINE:X86 Release\MujProjekt.obj
         Release\stdafx.obj
         Generating code
         Finished generating code
         MujProjekt.vcxproj -> C:\Users\Jaroslav\documents\visual studio 2010\Projects\MujProjekt\Release\MujProjekt.exe
       Manifest:
         C:\Program Files (x86)\Microsoft SDKs\Windows\v7.0A\bin\mt.exe /nologo /verbose /outputresource:"C:\Users\Jaroslav\documents\visual studio 2010\Projects\MujProjekt\Release\MujProjekt.exe;#1" /manifest Release\MujProjekt.exe.intermediate.manifest
       FinalizeBuildStatus:
         Deleting file "Release\MujProjekt.unsuccessfulbuild".
         Touching "Release\MujProjekt.lastbuildstate".
     1>Done Building Project "C:\Users\Jaroslav\documents\visual studio 2010\Projects\MujProjekt\MujProjekt\MujProjekt.vcxproj" (build target(s)).

Build succeeded.

Time Elapsed 00:00:02.71
